2015-07-16 12:21:04,379 - INFO - ****************************************************************************************************
2015-07-16 12:21:04,379 - INFO - ****************************************************************************************************
2015-07-16 12:21:04,379 - INFO - Start some action(s)
2015-07-16 12:21:04,379 - INFO - Act for generic contexts
2015-07-16 12:21:04,380 - INFO - Stop some action(s)
2015-07-16 12:22:35,089 - INFO - ****************************************************************************************************
2015-07-16 12:22:35,089 - INFO - ****************************************************************************************************
2015-07-16 12:22:35,090 - INFO - Start some action(s)
2015-07-16 12:22:35,090 - INFO - Act for generic contexts
2015-07-16 12:22:35,090 - INFO - Parsing file '/home/nikolaj/Documents/WORK/Dominique/PROJECT/domisparse_virtual_env/try1/cysparse/cysparse/linalg/suitesparse/umfpack/umfpack.cpd'
2015-07-16 12:22:35,095 - INFO -    Generating file /home/nikolaj/Documents/WORK/Dominique/PROJECT/domisparse_virtual_env/try1/cysparse/cysparse/linalg/suitesparse/umfpack/umfpack_INT32_t_FLOAT64_t.pxd
2015-07-16 12:22:35,095 - INFO - Parsing file '/home/nikolaj/Documents/WORK/Dominique/PROJECT/domisparse_virtual_env/try1/cysparse/cysparse/linalg/suitesparse/umfpack/umfpack.cpd'
2015-07-16 12:22:35,095 - INFO -    Generating file /home/nikolaj/Documents/WORK/Dominique/PROJECT/domisparse_virtual_env/try1/cysparse/cysparse/linalg/suitesparse/umfpack/umfpack_INT64_t_FLOAT64_t.pxd
2015-07-16 12:22:35,095 - INFO - Parsing file '/home/nikolaj/Documents/WORK/Dominique/PROJECT/domisparse_virtual_env/try1/cysparse/cysparse/linalg/suitesparse/umfpack/umfpack.cpd'
2015-07-16 12:22:35,095 - INFO -    Generating file /home/nikolaj/Documents/WORK/Dominique/PROJECT/domisparse_virtual_env/try1/cysparse/cysparse/linalg/suitesparse/umfpack/umfpack_INT32_t_COMPLEX128_t.pxd
2015-07-16 12:22:35,095 - INFO - Parsing file '/home/nikolaj/Documents/WORK/Dominique/PROJECT/domisparse_virtual_env/try1/cysparse/cysparse/linalg/suitesparse/umfpack/umfpack.cpd'
2015-07-16 12:22:35,095 - INFO -    Generating file /home/nikolaj/Documents/WORK/Dominique/PROJECT/domisparse_virtual_env/try1/cysparse/cysparse/linalg/suitesparse/umfpack/umfpack_INT64_t_COMPLEX128_t.pxd
2015-07-16 12:22:35,096 - INFO - Parsing file '/home/nikolaj/Documents/WORK/Dominique/PROJECT/domisparse_virtual_env/try1/cysparse/cysparse/linalg/suitesparse/umfpack/umfpack.cpx'
2015-07-16 12:22:35,146 - INFO -    Generating file /home/nikolaj/Documents/WORK/Dominique/PROJECT/domisparse_virtual_env/try1/cysparse/cysparse/linalg/suitesparse/umfpack/umfpack_INT32_t_FLOAT64_t.pyx
2015-07-16 12:22:35,146 - INFO - Parsing file '/home/nikolaj/Documents/WORK/Dominique/PROJECT/domisparse_virtual_env/try1/cysparse/cysparse/linalg/suitesparse/umfpack/umfpack.cpx'
2015-07-16 12:22:35,146 - INFO -    Generating file /home/nikolaj/Documents/WORK/Dominique/PROJECT/domisparse_virtual_env/try1/cysparse/cysparse/linalg/suitesparse/umfpack/umfpack_INT64_t_FLOAT64_t.pyx
2015-07-16 12:22:35,147 - INFO - Parsing file '/home/nikolaj/Documents/WORK/Dominique/PROJECT/domisparse_virtual_env/try1/cysparse/cysparse/linalg/suitesparse/umfpack/umfpack.cpx'
2015-07-16 12:22:35,147 - INFO -    Generating file /home/nikolaj/Documents/WORK/Dominique/PROJECT/domisparse_virtual_env/try1/cysparse/cysparse/linalg/suitesparse/umfpack/umfpack_INT32_t_COMPLEX128_t.pyx
2015-07-16 12:22:35,147 - INFO - Parsing file '/home/nikolaj/Documents/WORK/Dominique/PROJECT/domisparse_virtual_env/try1/cysparse/cysparse/linalg/suitesparse/umfpack/umfpack.cpx'
2015-07-16 12:22:35,147 - INFO -    Generating file /home/nikolaj/Documents/WORK/Dominique/PROJECT/domisparse_virtual_env/try1/cysparse/cysparse/linalg/suitesparse/umfpack/umfpack_INT64_t_COMPLEX128_t.pyx
2015-07-16 12:22:35,147 - INFO - Parsing file '/home/nikolaj/Documents/WORK/Dominique/PROJECT/domisparse_virtual_env/try1/cysparse/cysparse/linalg/suitesparse/cholmod/cholmod.cpd'
2015-07-16 12:22:35,148 - INFO -    Generating file /home/nikolaj/Documents/WORK/Dominique/PROJECT/domisparse_virtual_env/try1/cysparse/cysparse/linalg/suitesparse/cholmod/cholmod_INT32_t_FLOAT64_t.pxd
2015-07-16 12:22:35,148 - INFO - Parsing file '/home/nikolaj/Documents/WORK/Dominique/PROJECT/domisparse_virtual_env/try1/cysparse/cysparse/linalg/suitesparse/cholmod/cholmod.cpd'
2015-07-16 12:22:35,148 - INFO -    Generating file /home/nikolaj/Documents/WORK/Dominique/PROJECT/domisparse_virtual_env/try1/cysparse/cysparse/linalg/suitesparse/cholmod/cholmod_INT64_t_FLOAT64_t.pxd
2015-07-16 12:22:35,148 - INFO - Parsing file '/home/nikolaj/Documents/WORK/Dominique/PROJECT/domisparse_virtual_env/try1/cysparse/cysparse/linalg/suitesparse/cholmod/cholmod.cpd'
2015-07-16 12:22:35,148 - INFO -    Generating file /home/nikolaj/Documents/WORK/Dominique/PROJECT/domisparse_virtual_env/try1/cysparse/cysparse/linalg/suitesparse/cholmod/cholmod_INT32_t_COMPLEX128_t.pxd
2015-07-16 12:22:35,148 - INFO - Parsing file '/home/nikolaj/Documents/WORK/Dominique/PROJECT/domisparse_virtual_env/try1/cysparse/cysparse/linalg/suitesparse/cholmod/cholmod.cpd'
2015-07-16 12:22:35,148 - INFO -    Generating file /home/nikolaj/Documents/WORK/Dominique/PROJECT/domisparse_virtual_env/try1/cysparse/cysparse/linalg/suitesparse/cholmod/cholmod_INT64_t_COMPLEX128_t.pxd
2015-07-16 12:22:35,148 - INFO - Parsing file '/home/nikolaj/Documents/WORK/Dominique/PROJECT/domisparse_virtual_env/try1/cysparse/cysparse/linalg/suitesparse/cholmod/cholmod.cpx'
2015-07-16 12:22:35,148 - INFO -    Generating file /home/nikolaj/Documents/WORK/Dominique/PROJECT/domisparse_virtual_env/try1/cysparse/cysparse/linalg/suitesparse/cholmod/cholmod_INT32_t_FLOAT64_t.pyx
2015-07-16 12:22:35,149 - INFO - Parsing file '/home/nikolaj/Documents/WORK/Dominique/PROJECT/domisparse_virtual_env/try1/cysparse/cysparse/linalg/suitesparse/cholmod/cholmod.cpx'
2015-07-16 12:22:35,149 - INFO -    Generating file /home/nikolaj/Documents/WORK/Dominique/PROJECT/domisparse_virtual_env/try1/cysparse/cysparse/linalg/suitesparse/cholmod/cholmod_INT64_t_FLOAT64_t.pyx
2015-07-16 12:22:35,149 - INFO - Parsing file '/home/nikolaj/Documents/WORK/Dominique/PROJECT/domisparse_virtual_env/try1/cysparse/cysparse/linalg/suitesparse/cholmod/cholmod.cpx'
2015-07-16 12:22:35,149 - INFO -    Generating file /home/nikolaj/Documents/WORK/Dominique/PROJECT/domisparse_virtual_env/try1/cysparse/cysparse/linalg/suitesparse/cholmod/cholmod_INT32_t_COMPLEX128_t.pyx
2015-07-16 12:22:35,149 - INFO - Parsing file '/home/nikolaj/Documents/WORK/Dominique/PROJECT/domisparse_virtual_env/try1/cysparse/cysparse/linalg/suitesparse/cholmod/cholmod.cpx'
2015-07-16 12:22:35,149 - INFO -    Generating file /home/nikolaj/Documents/WORK/Dominique/PROJECT/domisparse_virtual_env/try1/cysparse/cysparse/linalg/suitesparse/cholmod/cholmod_INT64_t_COMPLEX128_t.pyx
2015-07-16 12:22:35,149 - INFO - Stop some action(s)
