\BOOKMARK [0][-]{chapter.1}{Introduction}{}% 1
\BOOKMARK [0][-]{chapter.2}{Sparse Matrix Formats}{}% 2
\BOOKMARK [1][-]{section.2.1}{Sorted column and row indices}{chapter.2}% 3
\BOOKMARK [1][-]{section.2.2}{The LL sparse format in details}{chapter.2}% 4
\BOOKMARK [1][-]{section.2.3}{The CSR sparse format in details}{chapter.2}% 5
\BOOKMARK [1][-]{section.2.4}{The CSC sparse format in details}{chapter.2}% 6
\BOOKMARK [0][-]{chapter.3}{CySparse`s sparse matrix classes hierachy}{}% 7
\BOOKMARK [1][-]{section.3.1}{The hierarchy at a glance}{chapter.3}% 8
\BOOKMARK [1][-]{section.3.2}{The SparseMatrix class}{chapter.3}% 9
\BOOKMARK [1][-]{section.3.3}{The MutableSparseMatrix class}{chapter.3}% 10
\BOOKMARK [1][-]{section.3.4}{The ImmutableSparseMatrix class}{chapter.3}% 11
\BOOKMARK [0][-]{chapter.4}{Code generation}{}% 12
\BOOKMARK [1][-]{section.4.1}{generate\137code in more details}{chapter.4}% 13
\BOOKMARK [0][-]{chapter.5}{CySparse for library maintainers}{}% 14
\BOOKMARK [1][-]{section.5.1}{Versions}{chapter.5}% 15
\BOOKMARK [1][-]{section.5.2}{Meta-programming aka code generation}{chapter.5}% 16
\BOOKMARK [1][-]{section.5.3}{Conventions}{chapter.5}% 17
\BOOKMARK [1][-]{section.5.4}{Class hierarchy}{chapter.5}% 18
\BOOKMARK [0][-]{chapter.6}{Afterthougths}{}% 19
\BOOKMARK [0][-]{chapter.7}{Indices and Tables}{}% 20
